2025-07-16 23:18:37,737 - INFO - Starting automated vulnerability remediation pipeline for /home/runner/work/real-estate-management/real-estate-management/frontend//
2025-07-16 23:18:37,737 - INFO - Dockerfile Path: /home/runner/work/real-estate-management/real-estate-management/frontend/Dockerfile
2025-07-16 23:18:37,737 - INFO - Attempting to apply general Dockerfile hardening rules.
2025-07-16 23:18:37,737 - INFO - Applying hardening to Dockerfile: /home/runner/work/real-estate-management/real-estate-management/frontend/Dockerfile
2025-07-16 23:18:37,737 - INFO - Dockerfile already has a WORKDIR instruction. Skipping WORKDIR hardening.
2025-07-16 23:18:37,737 - INFO - Dockerfile already has a non-root USER instruction or no suitable insertion point. Skipping user hardening.
2025-07-16 23:18:37,737 - INFO - No significant Dockerfile hardening changes needed (USER and WORKDIR are present/handled).
2025-07-16 23:18:37,737 - INFO - Parsing initial Trivy report: trivy-report.json
2025-07-16 23:18:37,774 - INFO - Found 0 actionable vulnerabilities from report.
2025-07-16 23:18:37,777 - INFO - No actionable vulnerabilities found in the report. Exiting remediation.
2025-07-16 23:18:37,777 - INFO - Automated remediation pipeline completed successfully (or with manageable unfixed issues).
2025-07-16 23:27:17,803 - INFO - Starting automated vulnerability remediation pipeline for /home/runner/work/real-estate-management/real-estate-management/frontend//
2025-07-16 23:27:17,803 - INFO - Dockerfile Path: /home/runner/work/real-estate-management/real-estate-management/frontend/Dockerfile
2025-07-16 23:27:17,803 - INFO - Attempting to apply general Dockerfile hardening rules.
2025-07-16 23:27:17,803 - INFO - Applying hardening to Dockerfile: /home/runner/work/real-estate-management/real-estate-management/frontend/Dockerfile
2025-07-16 23:27:17,803 - INFO - Dockerfile already has a WORKDIR instruction. Skipping WORKDIR hardening.
2025-07-16 23:27:17,803 - INFO - Dockerfile already has a non-root USER instruction or no suitable insertion point. Skipping user hardening.
2025-07-16 23:27:17,803 - INFO - No significant Dockerfile hardening changes needed (USER and WORKDIR are present/handled).
2025-07-16 23:27:17,803 - INFO - Parsing initial Trivy report: trivy-report.json
2025-07-16 23:27:17,840 - INFO - Found 0 actionable vulnerabilities from report.
2025-07-16 23:27:17,843 - INFO - No actionable vulnerabilities found in the report. Exiting remediation.
2025-07-16 23:27:17,843 - INFO - Automated remediation pipeline completed successfully (or with manageable unfixed issues).
2025-07-16 23:32:23,227 - INFO - Starting automated vulnerability remediation pipeline for /home/runner/work/real-estate-management/real-estate-management/frontend//
2025-07-16 23:32:23,227 - INFO - Dockerfile Path: /home/runner/work/real-estate-management/real-estate-management/frontend/Dockerfile
2025-07-16 23:32:23,227 - INFO - Attempting to apply general Dockerfile hardening rules.
2025-07-16 23:32:23,227 - INFO - Applying hardening to Dockerfile: /home/runner/work/real-estate-management/real-estate-management/frontend/Dockerfile
2025-07-16 23:32:23,227 - INFO - Dockerfile already has a WORKDIR instruction. Skipping WORKDIR hardening.
2025-07-16 23:32:23,228 - INFO - Dockerfile already has a non-root USER instruction or no suitable insertion point. Skipping user hardening.
2025-07-16 23:32:23,228 - INFO - No significant Dockerfile hardening changes needed (USER and WORKDIR are present/handled).
2025-07-16 23:32:23,228 - INFO - Parsing initial Trivy report: trivy-report.json
2025-07-16 23:32:23,264 - INFO - Found 0 actionable vulnerabilities from report.
2025-07-16 23:32:23,268 - INFO - No actionable vulnerabilities found in the report. Exiting remediation.
2025-07-16 23:32:23,268 - INFO - Automated remediation pipeline completed successfully (or with manageable unfixed issues).
2025-07-16 23:39:21,002 - INFO - Starting automated vulnerability remediation pipeline for /home/runner/work/real-estate-management/real-estate-management/frontend//
2025-07-16 23:39:21,002 - INFO - Dockerfile Path: /home/runner/work/real-estate-management/real-estate-management/frontend/Dockerfile
2025-07-16 23:39:21,003 - INFO - Attempting to apply general Dockerfile hardening rules.
2025-07-16 23:39:21,003 - INFO - Applying hardening to Dockerfile: /home/runner/work/real-estate-management/real-estate-management/frontend/Dockerfile
2025-07-16 23:39:21,003 - INFO - Dockerfile already has a WORKDIR instruction. Skipping WORKDIR hardening.
2025-07-16 23:39:21,003 - INFO - Dockerfile already has a non-root USER instruction or no suitable insertion point. Skipping user hardening.
2025-07-16 23:39:21,003 - INFO - No significant Dockerfile hardening changes needed (USER and WORKDIR are present/handled).
2025-07-16 23:39:21,003 - INFO - Parsing initial Trivy report: trivy-report.json
2025-07-16 23:39:21,040 - INFO - Found 0 actionable vulnerabilities from report.
2025-07-16 23:39:21,043 - INFO - No actionable vulnerabilities found in the report. Exiting remediation.
2025-07-16 23:39:21,043 - INFO - Automated remediation pipeline completed successfully (or with manageable unfixed issues).
2025-07-16 23:43:49,466 - INFO - Starting automated vulnerability remediation pipeline for /home/runner/work/real-estate-management/real-estate-management/frontend//
2025-07-16 23:43:49,466 - INFO - Dockerfile Path: /home/runner/work/real-estate-management/real-estate-management/frontend/Dockerfile
2025-07-16 23:43:49,467 - INFO - Attempting to apply general Dockerfile hardening rules.
2025-07-16 23:43:49,467 - INFO - Applying hardening to Dockerfile: /home/runner/work/real-estate-management/real-estate-management/frontend/Dockerfile
2025-07-16 23:43:49,467 - INFO - Dockerfile already has a WORKDIR instruction. Skipping WORKDIR hardening.
2025-07-16 23:43:49,467 - INFO - Dockerfile already has a non-root USER instruction or no suitable insertion point. Skipping user hardening.
2025-07-16 23:43:49,467 - INFO - No significant Dockerfile hardening changes needed (USER and WORKDIR are present/handled).
2025-07-16 23:43:49,467 - INFO - Parsing initial Trivy report: trivy-report.json
2025-07-16 23:43:49,504 - INFO - Found 0 actionable vulnerabilities from report.
2025-07-16 23:43:49,507 - INFO - No actionable vulnerabilities found in the report. Exiting remediation.
2025-07-16 23:43:49,507 - INFO - Automated remediation pipeline completed successfully (or with manageable unfixed issues).
2025-07-17 00:01:41,132 - INFO - Starting automated vulnerability remediation pipeline for /home/runner/work/real-estate-management/real-estate-management/frontend//
2025-07-17 00:01:41,132 - INFO - Dockerfile Path: /home/runner/work/real-estate-management/real-estate-management/frontend/Dockerfile
2025-07-17 00:01:41,132 - INFO - Attempting to apply general Dockerfile hardening rules.
2025-07-17 00:01:41,132 - INFO - Applying hardening to Dockerfile: /home/runner/work/real-estate-management/real-estate-management/frontend/Dockerfile
2025-07-17 00:01:41,132 - INFO - Dockerfile already has a WORKDIR instruction. Skipping WORKDIR hardening.
2025-07-17 00:01:41,132 - INFO - Dockerfile already has a non-root USER instruction or no suitable insertion point. Skipping user hardening.
2025-07-17 00:01:41,133 - INFO - No significant Dockerfile hardening changes needed (USER and WORKDIR are present/handled).
2025-07-17 00:01:41,133 - INFO - Parsing initial Trivy report: trivy-report.json
2025-07-17 00:01:41,169 - INFO - Found 0 actionable vulnerabilities from report.
2025-07-17 00:01:41,172 - INFO - No actionable vulnerabilities found in the report. Exiting remediation.
2025-07-17 00:01:41,172 - INFO - Automated remediation pipeline completed successfully (or with manageable unfixed issues).
2025-07-17 00:04:04,170 - INFO - Starting automated vulnerability remediation pipeline for /home/runner/work/real-estate-management/real-estate-management/frontend//
2025-07-17 00:04:04,170 - INFO - Dockerfile Path: /home/runner/work/real-estate-management/real-estate-management/frontend/Dockerfile
2025-07-17 00:04:04,170 - INFO - Attempting to apply general Dockerfile hardening rules.
2025-07-17 00:04:04,171 - INFO - Applying hardening to Dockerfile: /home/runner/work/real-estate-management/real-estate-management/frontend/Dockerfile
2025-07-17 00:04:04,171 - INFO - Dockerfile already has a WORKDIR instruction. Skipping WORKDIR hardening.
2025-07-17 00:04:04,171 - INFO - Dockerfile already has a non-root USER instruction or no suitable insertion point. Skipping user hardening.
2025-07-17 00:04:04,171 - INFO - No significant Dockerfile hardening changes needed (USER and WORKDIR are present/handled).
2025-07-17 00:04:04,171 - INFO - Parsing initial Trivy report: trivy-report.json
2025-07-17 00:04:04,207 - INFO - Found 0 actionable vulnerabilities from report.
2025-07-17 00:04:04,210 - INFO - No actionable vulnerabilities found in the report. Exiting remediation.
2025-07-17 00:04:04,210 - INFO - Automated remediation pipeline completed successfully (or with manageable unfixed issues).
2025-07-17 00:13:33,284 - INFO - Starting automated vulnerability remediation pipeline for /home/runner/work/real-estate-management/real-estate-management/frontend//
2025-07-17 00:13:33,284 - INFO - Dockerfile Path: /home/runner/work/real-estate-management/real-estate-management/frontend/Dockerfile
2025-07-17 00:13:33,284 - INFO - Attempting to apply general Dockerfile hardening rules.
2025-07-17 00:13:33,284 - INFO - Applying hardening to Dockerfile: /home/runner/work/real-estate-management/real-estate-management/frontend/Dockerfile
2025-07-17 00:13:33,284 - INFO - Dockerfile already has a WORKDIR instruction. Skipping WORKDIR hardening.
2025-07-17 00:13:33,284 - INFO - Dockerfile already has a non-root USER instruction or no suitable insertion point. Skipping user hardening.
2025-07-17 00:13:33,285 - INFO - No significant Dockerfile hardening changes needed (USER and WORKDIR are present/handled).
2025-07-17 00:13:33,285 - INFO - Parsing initial Trivy report: trivy-report.json
2025-07-17 00:13:33,322 - INFO - Found 0 actionable vulnerabilities from report.
2025-07-17 00:13:33,325 - INFO - No actionable vulnerabilities found in the report. Exiting remediation.
2025-07-17 00:13:33,325 - INFO - Automated remediation pipeline completed successfully (or with manageable unfixed issues).
2025-07-17 00:16:23,989 - INFO - Starting automated vulnerability remediation pipeline for /home/runner/work/real-estate-management/real-estate-management/frontend//
2025-07-17 00:16:23,990 - INFO - Dockerfile Path: /home/runner/work/real-estate-management/real-estate-management/frontend/Dockerfile
2025-07-17 00:16:23,990 - INFO - Attempting to apply general Dockerfile hardening rules.
2025-07-17 00:16:23,990 - INFO - Applying hardening to Dockerfile: /home/runner/work/real-estate-management/real-estate-management/frontend/Dockerfile
2025-07-17 00:16:23,990 - INFO - Dockerfile already has a WORKDIR instruction. Skipping WORKDIR hardening.
2025-07-17 00:16:23,990 - INFO - Dockerfile already has a non-root USER instruction or no suitable insertion point. Skipping user hardening.
2025-07-17 00:16:23,990 - INFO - No significant Dockerfile hardening changes needed (USER and WORKDIR are present/handled).
2025-07-17 00:16:23,990 - INFO - Parsing initial Trivy report: trivy-report.json
2025-07-17 00:16:24,027 - INFO - Found 0 actionable vulnerabilities from report.
2025-07-17 00:16:24,030 - INFO - No actionable vulnerabilities found in the report. Exiting remediation.
2025-07-17 00:16:24,030 - INFO - Automated remediation pipeline completed successfully (or with manageable unfixed issues).
2025-07-17 00:22:47,657 - INFO - Starting automated vulnerability remediation pipeline for /home/runner/work/real-estate-management/real-estate-management/frontend//
2025-07-17 00:22:47,658 - INFO - Dockerfile Path: /home/runner/work/real-estate-management/real-estate-management/frontend/Dockerfile
2025-07-17 00:22:47,658 - INFO - Attempting to apply general Dockerfile hardening rules.
2025-07-17 00:22:47,658 - INFO - Applying hardening to Dockerfile: /home/runner/work/real-estate-management/real-estate-management/frontend/Dockerfile
2025-07-17 00:22:47,658 - INFO - Dockerfile already has a WORKDIR instruction. Skipping WORKDIR hardening.
2025-07-17 00:22:47,658 - INFO - Dockerfile already has a non-root USER instruction or no suitable insertion point. Skipping user hardening.
2025-07-17 00:22:47,658 - INFO - No significant Dockerfile hardening changes needed (USER and WORKDIR are present/handled).
2025-07-17 00:22:47,658 - INFO - Parsing initial Trivy report: trivy-report.json
2025-07-17 00:22:47,695 - INFO - Found 0 actionable vulnerabilities from report.
2025-07-17 00:22:47,698 - INFO - No actionable vulnerabilities found in the report. Exiting remediation.
2025-07-17 00:22:47,698 - INFO - Automated remediation pipeline completed successfully (or with manageable unfixed issues).
2025-07-17 03:49:17,339 - INFO - Starting automated vulnerability remediation pipeline for /home/runner/work/real-estate-management/real-estate-management/frontend//
2025-07-17 03:49:17,340 - INFO - Dockerfile Path: /home/runner/work/real-estate-management/real-estate-management/frontend/Dockerfile
2025-07-17 03:49:17,340 - INFO - Attempting to apply general Dockerfile hardening rules.
2025-07-17 03:49:17,340 - INFO - Applying hardening to Dockerfile: /home/runner/work/real-estate-management/real-estate-management/frontend/Dockerfile
2025-07-17 03:49:17,340 - INFO - Dockerfile already has a WORKDIR instruction. Skipping WORKDIR hardening.
2025-07-17 03:49:17,340 - INFO - Dockerfile already has a non-root USER instruction or no suitable insertion point. Skipping user hardening.
2025-07-17 03:49:17,340 - INFO - No significant Dockerfile hardening changes needed (USER and WORKDIR are present/handled).
2025-07-17 03:49:17,340 - INFO - Parsing initial Trivy report: trivy-report.json
2025-07-17 03:49:17,376 - INFO - Found 0 actionable vulnerabilities from report.
2025-07-17 03:49:17,379 - INFO - No actionable vulnerabilities found in the report. Exiting remediation.
2025-07-17 03:49:17,379 - INFO - Automated remediation pipeline completed successfully (or with manageable unfixed issues).
2025-07-17 04:08:33,640 - INFO - Starting automated vulnerability remediation pipeline for /home/runner/work/real-estate-management/real-estate-management/frontend//
2025-07-17 04:08:33,640 - INFO - Dockerfile Path: /home/runner/work/real-estate-management/real-estate-management/frontend/Dockerfile
2025-07-17 04:08:33,640 - INFO - Attempting to apply general Dockerfile hardening rules.
2025-07-17 04:08:33,640 - INFO - Applying hardening to Dockerfile: /home/runner/work/real-estate-management/real-estate-management/frontend/Dockerfile
2025-07-17 04:08:33,640 - INFO - Dockerfile already has a WORKDIR instruction. Skipping WORKDIR hardening.
2025-07-17 04:08:33,640 - INFO - Dockerfile already has a non-root USER instruction or no suitable insertion point. Skipping user hardening.
2025-07-17 04:08:33,640 - INFO - No significant Dockerfile hardening changes needed (USER and WORKDIR are present/handled).
2025-07-17 04:08:33,640 - INFO - Parsing initial Trivy report: trivy-report.json
2025-07-17 04:08:33,678 - INFO - Found 0 actionable vulnerabilities from report.
2025-07-17 04:08:33,682 - INFO - No actionable vulnerabilities found in the report. Exiting remediation.
2025-07-17 04:08:33,682 - INFO - Automated remediation pipeline completed successfully (or with manageable unfixed issues).
